Using pre-set license
Built from '2020.3/staging' branch; Version is '2020.3.30f1 (1fb1bf06830e) revision 2077119'; Using compiler version '192528614'; Build Type 'Release'
OS: 'Windows 10  (10.0.16299) 64bit Professional' Language: 'ru' Physical Memory: 16308 MB
BatchMode: 1, IsHumanControllingUs: 0, StartBugReporterOnCrash: 0, Is64bit: 1, IsPro: 0

COMMAND LINE ARGUMENTS:
C:\Program Files\Unity\Hub\Editor\2020.3.30f1\Editor\Unity.exe
-adb2
-batchMode
-noUpm
-name
AssetImportWorker0
-projectPath
C:/Users/illad/Unity/Unity-projects/Tower creator
-logFile
Logs/AssetImportWorker0.log
-srvPort
49751
Successfully changed project path to: C:/Users/illad/Unity/Unity-projects/Tower creator
C:/Users/illad/Unity/Unity-projects/Tower creator
Using Asset Import Pipeline V2.
Refreshing native plugins compatible for Editor in 26.35 ms, found 2 plugins.
Preloading 0 native plugins for Editor in 0.00 ms.
Initialize engine version: 2020.3.30f1 (1fb1bf06830e)
[Subsystems] Discovering subsystems at path C:/Program Files/Unity/Hub/Editor/2020.3.30f1/Editor/Data/Resources/UnitySubsystems
[Subsystems] Discovering subsystems at path C:/Users/illad/Unity/Unity-projects/Tower creator/Assets
GfxDevice: creating device client; threaded=0
Direct3D:
    Version:  Direct3D 11.0 [level 11.1]
    Renderer: NVIDIA GeForce GTX 1080 (ID=0x1b80)
    Vendor:   
    VRAM:     8079 MB
    Driver:   30.0.14.7212
Initialize mono
Mono path[0] = 'C:/Program Files/Unity/Hub/Editor/2020.3.30f1/Editor/Data/Managed'
Mono path[1] = 'C:/Program Files/Unity/Hub/Editor/2020.3.30f1/Editor/Data/MonoBleedingEdge/lib/mono/unityjit'
Mono config path = 'C:/Program Files/Unity/Hub/Editor/2020.3.30f1/Editor/Data/MonoBleedingEdge/etc'
Using monoOptions --debugger-agent=transport=dt_socket,embedding=1,server=y,suspend=n,address=127.0.0.1:56348
Begin MonoManager ReloadAssembly
Registering precompiled unity dll's ...
Register platform support module: C:/Program Files/Unity/Hub/Editor/2020.3.30f1/Editor/Data/PlaybackEngines/WebGLSupport/UnityEditor.WebGL.Extensions.dll
Register platform support module: C:/Program Files/Unity/Hub/Editor/2020.3.30f1/Editor/Data/PlaybackEngines/WindowsStandaloneSupport/UnityEditor.WindowsStandalone.Extensions.dll
Registered in 0.002693 seconds.
Native extension for WindowsStandalone target not found
Native extension for WebGL target not found
Refreshing native plugins compatible for Editor in 25.41 ms, found 2 plugins.
Preloading 0 native plugins for Editor in 0.00 ms.
Mono: successfully reloaded assembly
- Completed reload, in  0.492 seconds
Domain Reload Profiling:
	ReloadAssembly (492ms)
		BeginReloadAssembly (48ms)
			ExecutionOrderSort (0ms)
			DisableScriptedObjects (0ms)
			BackupInstance (0ms)
			ReleaseScriptingObjects (0ms)
			CreateAndSetChildDomain (1ms)
		EndReloadAssembly (361ms)
			LoadAssemblies (48ms)
			RebuildTransferFunctionScriptingTraits (0ms)
			SetupTypeCache (124ms)
			ReleaseScriptCaches (0ms)
			RebuildScriptCaches (23ms)
			SetupLoadedEditorAssemblies (129ms)
				LogAssemblyErrors (0ms)
				InitializePlatformSupportModulesInManaged (4ms)
				SetLoadedEditorAssemblies (0ms)
				RefreshPlugins (25ms)
				BeforeProcessingInitializeOnLoad (11ms)
				ProcessInitializeOnLoadAttributes (66ms)
				ProcessInitializeOnLoadMethodAttributes (23ms)
				AfterProcessingInitializeOnLoad (0ms)
				EditorAssembliesLoaded (0ms)
			ExecutionOrderSort2 (0ms)
			AwakeInstancesAfterBackupRestoration (0ms)
Platform modules already initialized, skipping
Registering precompiled user dll's ...
Registered in 0.002039 seconds.
Begin MonoManager ReloadAssembly
Native extension for WindowsStandalone target not found
Native extension for WebGL target not found
Refreshing native plugins compatible for Editor in 0.29 ms, found 2 plugins.
Preloading 0 native plugins for Editor in 0.00 ms.
Mono: successfully reloaded assembly
- Completed reload, in  0.789 seconds
Domain Reload Profiling:
	ReloadAssembly (789ms)
		BeginReloadAssembly (119ms)
			ExecutionOrderSort (0ms)
			DisableScriptedObjects (4ms)
			BackupInstance (0ms)
			ReleaseScriptingObjects (0ms)
			CreateAndSetChildDomain (15ms)
		EndReloadAssembly (624ms)
			LoadAssemblies (72ms)
			RebuildTransferFunctionScriptingTraits (0ms)
			SetupTypeCache (216ms)
			ReleaseScriptCaches (0ms)
			RebuildScriptCaches (33ms)
			SetupLoadedEditorAssemblies (233ms)
				LogAssemblyErrors (0ms)
				InitializePlatformSupportModulesInManaged (4ms)
				SetLoadedEditorAssemblies (0ms)
				RefreshPlugins (0ms)
				BeforeProcessingInitializeOnLoad (67ms)
				ProcessInitializeOnLoadAttributes (150ms)
				ProcessInitializeOnLoadMethodAttributes (7ms)
				AfterProcessingInitializeOnLoad (4ms)
				EditorAssembliesLoaded (0ms)
			ExecutionOrderSort2 (0ms)
			AwakeInstancesAfterBackupRestoration (5ms)
Platform modules already initialized, skipping
========================================================================
Worker process is ready to serve import requests
Launched and connected shader compiler UnityShaderCompiler.exe after 0.05 seconds
Refreshing native plugins compatible for Editor in 0.29 ms, found 2 plugins.
Preloading 0 native plugins for Editor in 0.00 ms.
Unloading 1506 Unused Serialized files (Serialized files now loaded: 0)
System memory in use before: 91.8 MB.
System memory in use after: 91.9 MB.

Unloading 15 unused Assets to reduce memory usage. Loaded Objects now: 1978.
Total: 2.141250 ms (FindLiveObjects: 0.121357 ms CreateObjectMapping: 0.048798 ms MarkObjects: 1.948868 ms  DeleteObjects: 0.021206 ms)

AssetImportParameters requested are different than current active one (requested -> active):
  custom:framework-win-MediaFoundation: 216162199b28c13a410421893ffa2e32 -> 
  custom:video-decoder-ogg-theora: a1e56fd34408186e4bbccfd4996cb3dc -> 
  custom:container-muxer-webm: aa71ff27fc2769a1b78a27578f13a17b -> 
  custom:container-demuxer-webm: 4f35f7cbe854078d1ac9338744f61a02 -> 
  custom:container-demuxer-ogg: 62fdf1f143b41e24485cea50d1cbac27 -> 
  custom:video-encoder-webm-vp8: eb34c28f22e8b96e1ab97ce403110664 -> 
  custom:video-decoder-webm-vp8: 9c59270c3fd7afecdb556c50c9e8de78 -> 
  custom:audio-decoder-ogg-vorbis: bf7c407c2cedff20999df2af8eb42d56 -> 
  custom:audio-encoder-webm-vorbis: bf7c407c2cedff20999df2af8eb42d56 -> 
========================================================================
Received Import Request.
  path: ProjectSettings/TagManager.asset
  artifactKey: Guid(00000000000000003000000000000000) Importer(815301076,1909f56bfc062723c751e8b465ee728b)
Start importing ProjectSettings/TagManager.asset using Guid(00000000000000003000000000000000) Importer(815301076,1909f56bfc062723c751e8b465ee728b)  -> (artifact id: 'ce6a35c3cddc746e7501c0bd0ed6d4ce') in 0.024228 seconds 
========================================================================
Received Import Request.
  Time since last request: 659.553507 seconds.
  path: Assets/BackGround.prefab
  artifactKey: Guid(fc603768e8fb3fc488a2ba06a2039cad) Importer(815301076,1909f56bfc062723c751e8b465ee728b)
Start importing Assets/BackGround.prefab using Guid(fc603768e8fb3fc488a2ba06a2039cad) Importer(815301076,1909f56bfc062723c751e8b465ee728b)  -> (artifact id: '0cea4797e905d06ed27478e0779e5741') in 0.019394 seconds 
========================================================================
Received Import Request.
  Time since last request: 260.808580 seconds.
  path: Assets/BackGround.prefab
  artifactKey: Guid(fc603768e8fb3fc488a2ba06a2039cad) Importer(815301076,1909f56bfc062723c751e8b465ee728b)
Start importing Assets/BackGround.prefab using Guid(fc603768e8fb3fc488a2ba06a2039cad) Importer(815301076,1909f56bfc062723c751e8b465ee728b)  -> (artifact id: '077213f7eae1d7cec16b232dc32fce8e') in 0.085433 seconds 
========================================================================
Received Import Request.
  Time since last request: 65.454600 seconds.
  path: Assets/Twalls.asset
  artifactKey: Guid(147ca7c55af17a141b3f0098cb254781) Importer(815301076,1909f56bfc062723c751e8b465ee728b)
Start importing Assets/Twalls.asset using Guid(147ca7c55af17a141b3f0098cb254781) Importer(815301076,1909f56bfc062723c751e8b465ee728b)  -> (artifact id: '04e8dc4faf4a18371ac127bfdf453081') in 0.033174 seconds 
========================================================================
Received Import Request.
  Time since last request: 26.557935 seconds.
  path: Assets/BackGround.prefab
  artifactKey: Guid(fc603768e8fb3fc488a2ba06a2039cad) Importer(815301076,1909f56bfc062723c751e8b465ee728b)
Start importing Assets/BackGround.prefab using Guid(fc603768e8fb3fc488a2ba06a2039cad) Importer(815301076,1909f56bfc062723c751e8b465ee728b)  -> (artifact id: '96fbef9e3d40a3557b07c5063bb4e7a7') in 0.008000 seconds 
========================================================================
Received Import Request.
  Time since last request: 15.415707 seconds.
  path: Assets/BackGround.prefab
  artifactKey: Guid(fc603768e8fb3fc488a2ba06a2039cad) Importer(815301076,1909f56bfc062723c751e8b465ee728b)
Start importing Assets/BackGround.prefab using Guid(fc603768e8fb3fc488a2ba06a2039cad) Importer(815301076,1909f56bfc062723c751e8b465ee728b)  -> (artifact id: '96f4ef81d58ea7aabd27bb18bbe2cd46') in 0.021439 seconds 
========================================================================
Received Import Request.
  Time since last request: 17.245361 seconds.
  path: Assets/BackGround.prefab
  artifactKey: Guid(fc603768e8fb3fc488a2ba06a2039cad) Importer(815301076,1909f56bfc062723c751e8b465ee728b)
Start importing Assets/BackGround.prefab using Guid(fc603768e8fb3fc488a2ba06a2039cad) Importer(815301076,1909f56bfc062723c751e8b465ee728b)  -> (artifact id: 'a9682f669a1bbd1443d28be61ebf610b') in 0.015596 seconds 
========================================================================
Received Import Request.
  Time since last request: 94.051617 seconds.
  path: Assets/BackGround.prefab
  artifactKey: Guid(fc603768e8fb3fc488a2ba06a2039cad) Importer(815301076,1909f56bfc062723c751e8b465ee728b)
Start importing Assets/BackGround.prefab using Guid(fc603768e8fb3fc488a2ba06a2039cad) Importer(815301076,1909f56bfc062723c751e8b465ee728b)  -> (artifact id: '662436285f1f20c3435ed7ed7230340a') in 0.018351 seconds 
========================================================================
Received Import Request.
  Time since last request: 6.150873 seconds.
  path: Assets/BackGround.prefab
  artifactKey: Guid(fc603768e8fb3fc488a2ba06a2039cad) Importer(815301076,1909f56bfc062723c751e8b465ee728b)
Start importing Assets/BackGround.prefab using Guid(fc603768e8fb3fc488a2ba06a2039cad) Importer(815301076,1909f56bfc062723c751e8b465ee728b)  -> (artifact id: '67d4f5693b511b5f11ebf201f9d8e766') in 0.018613 seconds 
========================================================================
Received Import Request.
  Time since last request: 15.460217 seconds.
  path: Assets/BackGround.prefab
  artifactKey: Guid(fc603768e8fb3fc488a2ba06a2039cad) Importer(815301076,1909f56bfc062723c751e8b465ee728b)
Start importing Assets/BackGround.prefab using Guid(fc603768e8fb3fc488a2ba06a2039cad) Importer(815301076,1909f56bfc062723c751e8b465ee728b)  -> (artifact id: '4bdf211c720d011884672d22dae09d67') in 0.012878 seconds 
========================================================================
Received Import Request.
  Time since last request: 71.486355 seconds.
  path: Assets/Twalls.asset
  artifactKey: Guid(147ca7c55af17a141b3f0098cb254781) Importer(815301076,1909f56bfc062723c751e8b465ee728b)
Start importing Assets/Twalls.asset using Guid(147ca7c55af17a141b3f0098cb254781) Importer(815301076,1909f56bfc062723c751e8b465ee728b)  -> (artifact id: '730d703c4338700159ce97c410c6c564') in 0.026544 seconds 
========================================================================
Received Import Request.
  Time since last request: 50.576634 seconds.
  path: Assets/Twalls.asset
  artifactKey: Guid(147ca7c55af17a141b3f0098cb254781) Importer(815301076,1909f56bfc062723c751e8b465ee728b)
Start importing Assets/Twalls.asset using Guid(147ca7c55af17a141b3f0098cb254781) Importer(815301076,1909f56bfc062723c751e8b465ee728b)  -> (artifact id: 'bc012bd45978ff0adff8edb7d0955170') in 0.020147 seconds 
========================================================================
Received Import Request.
  Time since last request: 37.792782 seconds.
  path: Assets/Twalls.asset
  artifactKey: Guid(147ca7c55af17a141b3f0098cb254781) Importer(815301076,1909f56bfc062723c751e8b465ee728b)
Start importing Assets/Twalls.asset using Guid(147ca7c55af17a141b3f0098cb254781) Importer(815301076,1909f56bfc062723c751e8b465ee728b)  -> (artifact id: 'eca1bd7da985a591f9098b508c2b7292') in 0.015399 seconds 
========================================================================
Received Import Request.
  Time since last request: 44.352676 seconds.
  path: Assets/Tower.prefab
  artifactKey: Guid(ad51b8e2e911b204baf1d1ac8718d9a4) Importer(815301076,1909f56bfc062723c751e8b465ee728b)
Start importing Assets/Tower.prefab using Guid(ad51b8e2e911b204baf1d1ac8718d9a4) Importer(815301076,1909f56bfc062723c751e8b465ee728b)  -> (artifact id: '052c9004fd7333b6b0242c3d906d375a') in 0.024045 seconds 
AssetImportWorkerClient::OnTransportError - code=2 error=End of file
